<?xml version="1.0" encoding="UTF-8"?>
<!-- Generated by org.testng.reporters.JUnitXMLReporter -->
<testsuite ignored="2" hostname="LAPTOP-9TAIR1IM" failures="1" tests="2" name="MyTest" time="3.608" errors="0" timestamp="2025-06-19T11:16:34 IST">
  <testcase classname="com.pomframework.Tests.LoginTestInfinity" name="logintoInfinity" time="0.668"/>
  <testcase classname="com.pomframework.Tests.HomePageTest" name="homePageTest" time="0.005">
    <failure type="java.lang.NullPointerException" message="Cannot invoke &amp;quot;org.openqa.selenium.SearchContext.findElement(org.openqa.selenium.By)&amp;quot; because &amp;quot;this.searchContext&amp;quot; is null">
      <![CDATA[java.lang.NullPointerException: Cannot invoke "org.openqa.selenium.SearchContext.findElement(org.openqa.selenium.By)" because "this.searchContext" is null
at org.openqa.selenium.support.pagefactory.DefaultElementLocator.findElement(DefaultElementLocator.java:68)
at org.openqa.selenium.support.pagefactory.AjaxElementLocator.access$001(AjaxElementLocator.java:38)
at org.openqa.selenium.support.pagefactory.AjaxElementLocator$SlowLoadingElement.isLoaded(AjaxElementLocator.java:156)
at org.openqa.selenium.support.ui.SlowLoadableComponent.get(SlowLoadableComponent.java:50)
at org.openqa.selenium.support.pagefactory.AjaxElementLocator.findElement(AjaxElementLocator.java:86)
at org.openqa.selenium.support.pagefactory.internal.LocatingElementHandler.invoke(LocatingElementHandler.java:38)
at jdk.proxy2/jdk.proxy2.$Proxy12.getText(Unknown Source)
at com.pomframework.Tests.HomePageTest.homePageTest(HomePageTest.java:24)
at java.base/java.util.ArrayList.forEach(ArrayList.java:1511)
... Removed 27 stack frames]]>
    </failure>
  </testcase> <!-- homePageTest -->
  <testcase classname="base.BaseTest" name="@BeforeTest browserIntialization" time="0.0">
    <ignored/>
  </testcase> <!-- @BeforeTest browserIntialization -->
  <testcase classname="base.BaseTest" name="@AfterTest closebrowser" time="0.0">
    <ignored/>
  </testcase> <!-- @AfterTest closebrowser -->
</testsuite> <!-- MyTest -->
