<?xml version="1.0" encoding="UTF-8"?>
<!-- Generated by org.testng.reporters.JUnitXMLReporter -->
<testsuite ignored="2" hostname="LAPTOP-9TAIR1IM" failures="0" tests="1" name="Surefire test" time="13.667" errors="0" timestamp="2025-06-29T18:20:28 IST">
  <testcase classname="TestClasses.CartPageTest" name="cartPageTest" time="10.37"/>
  <testcase classname="base.BaseTest" name="@BeforeTest browserInitForNormalTests" time="0.0">
    <ignored/>
  </testcase> <!-- @BeforeTest browserInitForNormalTests -->
  <testcase classname="base.BaseTest" name="@AfterTest closeBrowserForNormalTests" time="0.0">
    <ignored/>
  </testcase> <!-- @AfterTest closeBrowserForNormalTests -->
</testsuite> <!-- Surefire test -->
