<?xml version="1.0" encoding="UTF-8"?>
<testng-results ignored="0" total="1" passed="1" failed="0" skipped="0">
  <reporter-output>
  </reporter-output>
  <suite started-at="2025-06-29T18:20:15 IST" name="Surefire suite" finished-at="2025-06-29T18:20:28 IST" duration-ms="13667">
    <groups>
    </groups>
    <test started-at="2025-06-29T18:20:15 IST" name="Surefire test" finished-at="2025-06-29T18:20:28 IST" duration-ms="13667">
      <class name="TestClasses.CartPageTest">
        <test-method is-config="true" signature="browserInitForNormalTests()[pri:0, instance:TestClasses.CartPageTest@708f5957]" started-at="2025-06-29T18:20:15 IST" name="browserInitForNormalTests" finished-at="2025-06-29T18:20:17 IST" duration-ms="2145" status="PASS">
          <reporter-output>
          </reporter-output>
        </test-method> <!-- browserInitForNormalTests -->
        <test-method is-config="true" signature="initialization()[pri:0, instance:TestClasses.CartPageTest@708f5957]" started-at="2025-06-29T18:20:17 IST" name="initialization" finished-at="2025-06-29T18:20:17 IST" duration-ms="19" status="PASS">
          <reporter-output>
          </reporter-output>
        </test-method> <!-- initialization -->
        <test-method signature="cartPageTest()[pri:0, instance:TestClasses.CartPageTest@708f5957]" started-at="2025-06-29T18:20:17 IST" name="cartPageTest" finished-at="2025-06-29T18:20:27 IST" duration-ms="10370" status="PASS">
          <reporter-output>
          </reporter-output>
        </test-method> <!-- cartPageTest -->
        <test-method is-config="true" signature="closeBrowserForNormalTests()[pri:0, instance:TestClasses.CartPageTest@708f5957]" started-at="2025-06-29T18:20:27 IST" name="closeBrowserForNormalTests" finished-at="2025-06-29T18:20:28 IST" duration-ms="1107" status="PASS">
          <reporter-output>
          </reporter-output>
        </test-method> <!-- closeBrowserForNormalTests -->
      </class> <!-- TestClasses.CartPageTest -->
    </test> <!-- Surefire test -->
  </suite> <!-- Surefire suite -->
</testng-results>
