<?xml version="1.0" encoding="UTF-8"?>
<!-- Generated by org.testng.reporters.JUnitXMLReporter -->
<testsuite ignored="0" hostname="LAPTOP-9TAIR1IM" failures="0" tests="3" name="MyTest" time="12.774" errors="0" timestamp="2025-06-29T17:51:11 IST">
  <testcase classname="TestClasses.LoginTestInfinity1" name="login" time="0.425"/>
  <testcase classname="TestClasses.LoginTestInfinity1" name="addingItems" time="6.71"/>
  <testcase classname="TestClasses.LoginTestInfinity1" name="verifyCartPage" time="3.319"/>
</testsuite> <!-- MyTest -->
